[debug] [2026-01-05T22:03:44.134Z] ----------------------------------------------------------------------
[debug] [2026-01-05T22:03:44.144Z] Command:       /nix/store/ws50yvm6vzlzf7jzz6n7xh4szddrack1-nodejs-20.19.1/bin/node /nix/store/c776mhyhgykcld7p90ajrka149ifn61a-firebase-tools-14.26.0/lib/node_modules/firebase-tools/lib/bin/firebase.js init hosting
[debug] [2026-01-05T22:03:44.147Z] CLI Version:   14.26.0
[debug] [2026-01-05T22:03:44.148Z] Platform:      linux
[debug] [2026-01-05T22:03:44.148Z] Node Version:  v20.19.1
[debug] [2026-01-05T22:03:44.148Z] Time:          Mon Jan 05 2026 22:03:44 GMT+0000 (Coordinated Universal Time)
[debug] [2026-01-05T22:03:44.149Z] ----------------------------------------------------------------------
[debug] 
[debug] [2026-01-05T22:03:45.348Z] Checked if tokens are valid: true, expires at: 1767654172339
[debug] [2026-01-05T22:03:45.349Z] Checked if tokens are valid: true, expires at: 1767654172339
[debug] [2026-01-05T22:03:45.357Z] >>> [apiv2][query] GET https://monospace-pa.googleapis.com/v1/workspaces/dubainegocedubai-02904854 [none]
[debug] [2026-01-05T22:03:46.229Z] <<< [apiv2][status] GET https://monospace-pa.googleapis.com/v1/workspaces/dubainegocedubai-02904854 200
[debug] [2026-01-05T22:03:46.230Z] <<< [apiv2][body] GET https://monospace-pa.googleapis.com/v1/workspaces/dubainegocedubai-02904854 {"workspaceId":"dubainegocedubai-02904854","name":"dubainegocedubai","workspaceRedirectUrl":"firebase-dubainegocedubai-1767649835895.cluster-cbeiita7rbe7iuwhvjs5zww2i4.cloudworkstations.dev","status":"WORKSPACE_STATUS_RUNNING","lastAccessDatetime":"2026-01-05T21:54:39.438223Z","workspaceTemplate":"WORKSPACE_TEMPLATE_BLANK_WEB","owner":"SELF","serviceAccountEmail":"msp-1988824531932121427@monospace-per-ws-sa-5.iam.gserviceaccount.com","gitRepoUrl":"https://github.com/weblinecreation88-art/dubainegocedubainegoce","enableNix":true,"ownerEmail":"weblinecreation88@gmail.com","workstationAccessToken":"eyJhbGciOiJSUzI1NiIsInR5cCI6IkpXVCJ9.eyJpc3MiOiJodHRwczovL2Nsb3VkLmdvb2dsZS5jb20vd29ya3N0YXRpb25zIiwiYXVkIjoiZmlyZWJhc2UtZHViYWluZWdvY2VkdWJhaS0xNzY3NjQ5ODM1ODk1LmNsdXN0ZXItY2JlaWl0YTdyYmU3aXV3aHZqczV6d3cyaTQuY2xvdWR3b3Jrc3RhdGlvbnMuZGV2IiwiaWF0IjoxNzY3NjUwNjI2LCJleHAiOjE3Njc3MzcwMjV9.iDMMWq0ddtfWhJwiTY9FFcmrYYLcOeCMIPJdzMMsx3FIyAHbS2_ZDHLhi3SMCMdQxBBkBY8IRqwT5r8Bf1-oJ_waPCrkCJJAqDP1ZAxOWoxTTEq0s7gCcbdi7-EZGJYNKKmcjaU504ffKVabtup2JMCG9I6AHGpOr0NsQRZ1ZHjHOtQxiA9yktp0-x4P0UwTZx1B0Ubkd9uSUULRetXT1NO3e89BYXK8Y1x3eAcZqahp9psykSRLVaAAnY4MuVmNGdCY1FVmAUxht6i15CW3Z9G6wC1ESWP_tkBK57BbRA-CYSgoAvWiXwyCNQtjFqHLanMN-gp2hmqwjZPv9U_vYw"}
[info] 
     ######## #### ########  ######## ########     ###     ######  ########
     ##        ##  ##     ## ##       ##     ##  ##   ##  ##       ##
     ######    ##  ########  ######   ########  #########  ######  ######
     ##        ##  ##    ##  ##       ##     ## ##     ##       ## ##
     ##       #### ##     ## ######## ########  ##     ##  ######  ########

You're about to initialize a Firebase project in this directory:

  /home/user/dubainegocedubainegoce

Before we get started, keep in mind:

  * You are initializing within an existing Firebase project directory

[info] 
=== Project Setup
[info] 
[info] First, let's associate this project directory with a Firebase project.
[info] You can create multiple project aliases by running firebase use --add, 
[info] 
[debug] [2026-01-05T22:03:46.257Z] > command requires scopes: ["email","openid","https://www.googleapis.com/auth/cloudplatformprojects.readonly","https://www.googleapis.com/auth/firebase","https://www.googleapis.com/auth/cloud-platform","https://www.googleapis.com/auth/userinfo.email"]
[debug] [2026-01-05T22:03:46.260Z] > authorizing via signed-in user (weblinecreation88@gmail.com)
[debug] [2026-01-05T22:03:46.260Z] Checked if tokens are valid: true, expires at: 1767654172339
[debug] [2026-01-05T22:03:46.260Z] Checked if tokens are valid: true, expires at: 1767654172339
[debug] [2026-01-05T22:03:46.261Z] >>> [apiv2][query] GET https://firebase.googleapis.com/v1beta1/projects/dubainegoce-227c3 [none]
[debug] [2026-01-05T22:03:46.572Z] <<< [apiv2][status] GET https://firebase.googleapis.com/v1beta1/projects/dubainegoce-227c3 200
[debug] [2026-01-05T22:03:46.573Z] <<< [apiv2][body] GET https://firebase.googleapis.com/v1beta1/projects/dubainegoce-227c3 {"projectId":"dubainegoce-227c3","projectNumber":"169777208416","displayName":"dubainegoce","name":"projects/dubainegoce-227c3","resources":{"hostingSite":"dubainegoce-227c3"},"state":"ACTIVE","etag":"1_72e71b7c-9f14-491a-9d06-c89d25af51c1"}
[info] i  Using project dubainegoce-227c3 (dubainegoce) . 
[info] 
=== Hosting Setup
[debug] [2026-01-05T22:03:46.592Z] Checked if tokens are valid: true, expires at: 1767654172339
[debug] [2026-01-05T22:03:46.593Z] Checked if tokens are valid: true, expires at: 1767654172339
[debug] [2026-01-05T22:03:46.593Z] >>> [apiv2][query] GET https://firebase.googleapis.com/v1beta1/projects/dubainegoce-227c3 [none]
[debug] [2026-01-05T22:03:46.805Z] <<< [apiv2][status] GET https://firebase.googleapis.com/v1beta1/projects/dubainegoce-227c3 200
[debug] [2026-01-05T22:03:46.809Z] <<< [apiv2][body] GET https://firebase.googleapis.com/v1beta1/projects/dubainegoce-227c3 {"projectId":"dubainegoce-227c3","projectNumber":"169777208416","displayName":"dubainegoce","name":"projects/dubainegoce-227c3","resources":{"hostingSite":"dubainegoce-227c3"},"state":"ACTIVE","etag":"1_72e71b7c-9f14-491a-9d06-c89d25af51c1"}
